d:\прога\lab 11 (исключения)\lab 11\debug\vc142.pdb
d:\прога\lab 11 (исключения)\lab 11\debug\vc142.idb
d:\прога\lab 11 (исключения)\lab 11\debug\setnum.obj
d:\прога\lab 11 (исключения)\lab 11\debug\lab 11.obj
d:\прога\lab 11 (исключения)\lab 11\debug\exceptions.obj
d:\прога\lab 11 (исключения)\lab 11\debug\lab 11.ilk
d:\прога\lab 11 (исключения)\lab 11\debug\lab 11.exe
d:\прога\lab 11 (исключения)\lab 11\debug\lab 11.pdb
d:\program\прога\lab 11 (исключения)\lab 11\debug\exceptions.obj
d:\program\прога\lab 11 (исключения)\lab 11\debug\lab 11.obj
d:\program\прога\lab 11 (исключения)\lab 11\debug\setnum.obj
d:\program\прога\lab 11 (исключения)\lab 11\debug\lab 11.ilk
d:\program\прога\lab 11 (исключения)\lab 11\debug\vc142.idb
d:\program\прога\lab 11 (исключения)\lab 11\debug\lab 11.pdb
d:\program\прога\lab 11 (исключения)\lab 11\debug\vc142.pdb
d:\program\прога\lab 11 (исключения)\lab 11\debug\lab 11.exe
d:\program\прога\lab 11 (исключения)\lab 11\debug\lab 11.tlog\cl.command.1.tlog
d:\program\прога\lab 11 (исключения)\lab 11\debug\lab 11.tlog\cl.read.1.tlog
d:\program\прога\lab 11 (исключения)\lab 11\debug\lab 11.tlog\cl.write.1.tlog
d:\program\прога\lab 11 (исключения)\lab 11\debug\lab 11.tlog\link.command.1.tlog
d:\program\прога\lab 11 (исключения)\lab 11\debug\lab 11.tlog\link.read.1.tlog
d:\program\прога\lab 11 (исключения)\lab 11\debug\lab 11.tlog\link.write.1.tlog
